0 info it worked if it ends with ok
1 verbose cli [ '/usr/bin/node',
1 verbose cli   '/usr/bin/npm',
1 verbose cli   'install',
1 verbose cli   '--save-dev',
1 verbose cli   'load-grunt-tasks' ]
2 info using npm@1.4.28
3 info using node@v0.10.33
4 verbose node symlink /usr/bin/node
5 error Error: Invalid version: "0.1"
5 error     at Object.module.exports.fixVersionField (/usr/lib/node_modules/npm/node_modules/read-package-json/node_modules/normalize-package-data/lib/fixer.js:183:13)
5 error     at /usr/lib/node_modules/npm/node_modules/read-package-json/node_modules/normalize-package-data/lib/normalize.js:30:38
5 error     at Array.forEach (native)
5 error     at normalize (/usr/lib/node_modules/npm/node_modules/read-package-json/node_modules/normalize-package-data/lib/normalize.js:29:15)
5 error     at final (/usr/lib/node_modules/npm/node_modules/read-package-json/read-json.js:342:33)
5 error     at then (/usr/lib/node_modules/npm/node_modules/read-package-json/read-json.js:126:33)
5 error     at /usr/lib/node_modules/npm/node_modules/read-package-json/read-json.js:331:40
5 error     at evalmachine.<anonymous>:271:14
5 error     at /usr/lib/node_modules/npm/node_modules/graceful-fs/graceful-fs.js:102:5
5 error     at Object.oncomplete (evalmachine.<anonymous>:107:15)
6 error If you need help, you may report this *entire* log,
6 error including the npm and node versions, at:
6 error     <http://github.com/npm/npm/issues>
7 error System Linux 3.13.0-45-generic
8 error command "/usr/bin/node" "/usr/bin/npm" "install" "--save-dev" "load-grunt-tasks"
9 error cwd /home/mc/projects/styled-select
10 error node -v v0.10.33
11 error npm -v 1.4.28
12 verbose exit [ 1, true ]
